<?xml version="1.0" encoding="UTF-8"?>
<!-- Generated by org.testng.reporters.JUnitReportReporter -->
<testsuite hostname="DESKTOP-UA7G0ND" failures="0" tests="3" name="AEcommerce_tests.Product_ProductsDetailPage_ProductsIntoCart_UpdateCartQuantityTest" time="214.038" errors="0" timestamp="2024-11-16T13:19:32 IST" skipped="0">
  <testcase classname="AEcommerce_tests.Product_ProductsDetailPage_ProductsIntoCart_UpdateCartQuantityTest" name="verifyProductDetail" time="15.079"/>
  <testcase classname="AEcommerce_tests.Product_ProductsDetailPage_ProductsIntoCart_UpdateCartQuantityTest" name="updateQuantity" time="38.852"/>
  <testcase classname="AEcommerce_tests.Product_ProductsDetailPage_ProductsIntoCart_UpdateCartQuantityTest" name="productCart" time="160.107"/>
</testsuite> <!-- AEcommerce_tests.Product_ProductsDetailPage_ProductsIntoCart_UpdateCartQuantityTest -->
