<?xml version="1.0" encoding="UTF-8"?>
<!-- Generated by org.testng.reporters.JUnitReportReporter -->
<testsuite hostname="DESKTOP-UA7G0ND" failures="0" tests="1" name="AEcommerce_tests.LoginBeforeCheckoutTest" time="265.662" errors="0" timestamp="2024-11-16T13:19:32 IST" skipped="0">
  <testcase classname="AEcommerce_tests.LoginBeforeCheckoutTest" name="productCart" time="265.662"/>
</testsuite> <!-- AEcommerce_tests.LoginBeforeCheckoutTest -->
