<?xml version="1.0" encoding="UTF-8"?>
<!-- Generated by org.testng.reporters.JUnitReportReporter -->
<testsuite hostname="DESKTOP-UA7G0ND" failures="0" tests="2" name="AEcommerce_tests.ContactUsForm_SubscriptionTest" time="112.800" errors="0" timestamp="2024-11-16T13:19:32 IST" skipped="0">
  <testcase classname="AEcommerce_tests.ContactUsForm_SubscriptionTest" name="verifySubscription" time="4.820"/>
  <testcase classname="AEcommerce_tests.ContactUsForm_SubscriptionTest" name="contactUs" time="107.980"/>
</testsuite> <!-- AEcommerce_tests.ContactUsForm_SubscriptionTest -->
