<?xml version="1.0" encoding="UTF-8"?>
<!-- Generated by org.testng.reporters.JUnitReportReporter -->
<testsuite hostname="DESKTOP-UA7G0ND" failures="0" tests="4" name="AEcommerce_tests.LoginEmail_ProductCheckoutTest" time="382.638" errors="0" timestamp="2024-11-16T13:19:32 IST" skipped="0">
  <testcase classname="AEcommerce_tests.LoginEmail_ProductCheckoutTest" name="loginWhileCheckout" time="93.379"/>
  <testcase classname="AEcommerce_tests.LoginEmail_ProductCheckoutTest" name="loginCorrect" time="158.976"/>
  <testcase classname="AEcommerce_tests.LoginEmail_ProductCheckoutTest" name="loginWhileCheckout" time="54.149"/>
  <testcase classname="AEcommerce_tests.LoginEmail_ProductCheckoutTest" name="loginCorrect" time="76.134"/>
</testsuite> <!-- AEcommerce_tests.LoginEmail_ProductCheckoutTest -->
