<?xml version="1.0" encoding="UTF-8"?>
<!-- Generated by org.testng.reporters.JUnitReportReporter -->
<testsuite hostname="DESKTOP-UA7G0ND" failures="0" tests="2" name="AEcommerce_tests.LoginIncorrectEmailPasswordTest" time="80.093" errors="0" timestamp="2024-11-16T13:19:32 IST" skipped="0">
  <testcase classname="AEcommerce_tests.LoginIncorrectEmailPasswordTest" name="loginIncorrect" time="40.532"/>
  <testcase classname="AEcommerce_tests.LoginIncorrectEmailPasswordTest" name="registerExistingEmail" time="39.561"/>
</testsuite> <!-- AEcommerce_tests.LoginIncorrectEmailPasswordTest -->
