<?xml version="1.0" encoding="UTF-8"?>
<!-- Generated by org.testng.reporters.JUnitReportReporter -->
<testsuite hostname="DESKTOP-UA7G0ND" failures="0" tests="2" name="AEcommerce_tests.AddRecommendedItems_ReviewOnProductsTest" time="95.629" errors="0" timestamp="2024-11-16T13:19:32 IST" skipped="0">
  <testcase classname="AEcommerce_tests.AddRecommendedItems_ReviewOnProductsTest" name="addRecommendedItems" time="37.116"/>
  <testcase classname="AEcommerce_tests.AddRecommendedItems_ReviewOnProductsTest" name="addProductReview" time="58.513"/>
</testsuite> <!-- AEcommerce_tests.AddRecommendedItems_ReviewOnProductsTest -->
