<?xml version="1.0" encoding="UTF-8"?>
<!-- Generated by org.testng.reporters.JUnitReportReporter -->
<testsuite hostname="DESKTOP-UA7G0ND" failures="0" tests="2" name="AEcommerce_tests.ViewCategory_BrandProductsTest" time="142.345" errors="0" timestamp="2024-11-16T13:19:32 IST" skipped="0">
  <testcase classname="AEcommerce_tests.ViewCategory_BrandProductsTest" name="viewCategoryProducts" time="59.469"/>
  <testcase classname="AEcommerce_tests.ViewCategory_BrandProductsTest" name="viewBrandProducts" time="82.876"/>
</testsuite> <!-- AEcommerce_tests.ViewCategory_BrandProductsTest -->
