<?xml version="1.0" encoding="UTF-8"?>
<!-- Generated by org.testng.reporters.JUnitReportReporter -->
<testsuite hostname="DESKTOP-UA7G0ND" failures="0" tests="2" name="AEcommerce_tests.VerifyScrollFunctionTest" time="96.046" errors="0" timestamp="2024-11-16T13:19:32 IST" skipped="0">
  <testcase classname="AEcommerce_tests.VerifyScrollFunctionTest" name="scrollUpWithArrow" time="52.352"/>
  <testcase classname="AEcommerce_tests.VerifyScrollFunctionTest" name="scrollUpWithoutTheArrow" time="43.694"/>
</testsuite> <!-- AEcommerce_tests.VerifyScrollFunctionTest -->
